<?xml version="1.0" encoding="UTF-8"?>
<!-- Generated by org.testng.reporters.JUnitReportReporter -->
<testsuite hostname="nsk-dt-asm-70" failures="0" tests="1" name="rok.qa.Testcases.RP_Lead_Testcase_06" time="33.214" errors="0" timestamp="2023-12-22T18:40:54 IST" skipped="0">
  <testcase classname="rok.qa.Testcases.RP_Lead_Testcase_06" name="landingpage" time="33.214"/>
</testsuite> <!-- rok.qa.Testcases.RP_Lead_Testcase_06 -->
