<?xml version="1.0" encoding="UTF-8"?>
<!-- Generated by org.testng.reporters.JUnitReportReporter -->
<testsuite hostname="nsk-dt-asm-70" failures="0" tests="1" name="rok.qa.Testcases.LandingPage_leads_04" time="43.512" errors="0" timestamp="2023-12-22T18:34:40 IST" skipped="0">
  <testcase classname="rok.qa.Testcases.LandingPage_leads_04" name="landingpage" time="43.512"/>
</testsuite> <!-- rok.qa.Testcases.LandingPage_leads_04 -->
