<?xml version="1.0" encoding="UTF-8"?>
<!-- Generated by org.testng.reporters.JUnitReportReporter -->
<testsuite hostname="nsk-dt-asm-70" failures="0" tests="1" name="rok.qa.Testcases.Convert_leadto_opps_Testcase_09" time="68.636" errors="0" timestamp="2023-12-22T18:34:40 IST" skipped="0">
  <testcase classname="rok.qa.Testcases.Convert_leadto_opps_Testcase_09" name="convertleadintoopps" time="68.636"/>
</testsuite> <!-- rok.qa.Testcases.Convert_leadto_opps_Testcase_09 -->
