<?xml version="1.0" encoding="UTF-8"?>
<!-- Generated by org.testng.reporters.JUnitReportReporter -->
<testsuite hostname="nsk-dt-asm-70" failures="0" tests="1" name="rok.qa.Testcases.Update_BF_lead_testcase_08" time="119.438" errors="0" timestamp="2023-12-22T18:34:40 IST" skipped="0">
  <testcase classname="rok.qa.Testcases.Update_BF_lead_testcase_08" name="updateleadBF" time="119.438"/>
</testsuite> <!-- rok.qa.Testcases.Update_BF_lead_testcase_08 -->
