<?xml version="1.0" encoding="UTF-8"?>
<!-- Generated by org.testng.reporters.JUnitReportReporter -->
<testsuite hostname="nsk-dt-asm-70" failures="0" tests="1" name="rok.qa.Testcases.Login_testcase_01" time="18.997" errors="0" timestamp="2023-12-22T18:05:43 IST" skipped="0">
  <testcase classname="rok.qa.Testcases.Login_testcase_01" name="VerfyLogin" time="18.997"/>
</testsuite> <!-- rok.qa.Testcases.Login_testcase_01 -->
