<?xml version="1.0" encoding="UTF-8"?>
<!-- Generated by org.testng.reporters.JUnitReportReporter -->
<testsuite hostname="nsk-dt-asm-70" failures="0" tests="1" name="rok.qa.Testcases.CreateLeads_Testcase_03" time="37.156" errors="0" timestamp="2023-12-22T18:34:40 IST" skipped="0">
  <testcase classname="rok.qa.Testcases.CreateLeads_Testcase_03" name="VerfyLead" time="37.156"/>
</testsuite> <!-- rok.qa.Testcases.CreateLeads_Testcase_03 -->
