<?xml version="1.0" encoding="UTF-8"?>
<!-- Generated by org.testng.reporters.JUnitReportReporter -->
<testsuite hostname="nsk-dt-asm-70" failures="0" tests="1" name="rok.qa.Testcases.RP_Ld_Pg_Testcase_05" time="45.554" errors="0" timestamp="2023-12-22T18:34:40 IST" skipped="0">
  <testcase classname="rok.qa.Testcases.RP_Ld_Pg_Testcase_05" name="landingpage" time="45.554"/>
</testsuite> <!-- rok.qa.Testcases.RP_Ld_Pg_Testcase_05 -->
