<?xml version="1.0" encoding="UTF-8"?>
<!-- Generated by org.testng.reporters.JUnitReportReporter -->
<testsuite hostname="nsk-dt-asm-70" failures="0" tests="1" name="rok.qa.Testcases.Dashboard_Lead_Testcase_02" time="23.407" errors="0" timestamp="2023-12-22T18:34:40 IST" skipped="0">
  <testcase classname="rok.qa.Testcases.Dashboard_Lead_Testcase_02" name="VerfyLead" time="23.407"/>
</testsuite> <!-- rok.qa.Testcases.Dashboard_Lead_Testcase_02 -->
